2019-09-16 09:44:04.806 [ main ] - [ INFO  ] [ c.zhenghao.dbmigration.DbmigrationApplicationTests : 50 ] - Starting DbmigrationApplicationTests on 7VHGD2I4U7IWJY9 with PID 2456 (started by Administrator in E:\项目\dbmigration)
2019-09-16 09:44:04.807 [ main ] - [ DEBUG ] [ c.zhenghao.dbmigration.DbmigrationApplicationTests : 53 ] - Running with Spring Boot v2.1.8.RELEASE, Spring v5.1.9.RELEASE
2019-09-16 09:44:04.808 [ main ] - [ INFO  ] [ c.zhenghao.dbmigration.DbmigrationApplicationTests : 648 ] - No active profile set, falling back to default profiles: default
2019-09-16 09:44:05.372 [ main ] - [ WARN  ] [ org.mybatis.spring.mapper.ClassPathMapperScanner : 44 ] - No MyBatis mapper was found in '[com.zhenghao.dbmigration.mapper.*.*]' package. Please check your configuration.
2019-09-16 09:44:06.106 [ main ] - [ INFO  ] [ com.zaxxer.hikari.HikariDataSource : 110 ] - HikariPool-1 - Starting...
2019-09-16 09:44:07.418 [ main ] - [ INFO  ] [ com.zaxxer.hikari.HikariDataSource : 123 ] - HikariPool-1 - Start completed.
2019-09-16 09:44:07.577 [ main ] - [ WARN  ] [ c.b.mybatisplus.core.toolkit.TableInfoHelper : 255 ] - Warn: Could not find @TableId in Class: com.zhenghao.dbmigration.entity.sqlserver.SQLServerEmployee.
2019-09-16 09:44:07.671 [ main ] - [ INFO  ] [ com.zaxxer.hikari.HikariDataSource : 110 ] - HikariPool-2 - Starting...
2019-09-16 09:44:07.825 [ main ] - [ INFO  ] [ com.zaxxer.hikari.HikariDataSource : 123 ] - HikariPool-2 - Start completed.
2019-09-16 09:44:07.842 [ main ] - [ WARN  ] [ c.b.mybatisplus.core.toolkit.TableInfoHelper : 255 ] - Warn: Could not find @TableId in Class: com.zhenghao.dbmigration.entity.sqlite.SqliteEmployee.
2019-09-16 09:44:08.876 [ main ] - [ INFO  ] [ org.quartz.impl.StdSchedulerFactory : 1208 ] - Using default implementation for ThreadExecutor
2019-09-16 09:44:08.890 [ main ] - [ INFO  ] [ org.quartz.core.SchedulerSignalerImpl : 61 ] - Initialized Scheduler Signaller of type: class org.quartz.core.SchedulerSignalerImpl
2019-09-16 09:44:08.890 [ main ] - [ INFO  ] [ org.quartz.core.QuartzScheduler : 229 ] - Quartz Scheduler v.2.3.1 created.
2019-09-16 09:44:08.891 [ main ] - [ INFO  ] [ org.quartz.simpl.RAMJobStore : 155 ] - RAMJobStore initialized.
2019-09-16 09:44:08.892 [ main ] - [ INFO  ] [ org.quartz.core.QuartzScheduler : 294 ] - Scheduler meta-data: Quartz Scheduler (v2.3.1) 'quartzScheduler' with instanceId 'NON_CLUSTERED'
  Scheduler class: 'org.quartz.core.QuartzScheduler' - running locally.
  NOT STARTED.
  Currently in standby mode.
  Number of jobs executed: 0
  Using thread pool 'org.quartz.simpl.SimpleThreadPool' - with 10 threads.
  Using job-store 'org.quartz.simpl.RAMJobStore' - which does not support persistence. and is not clustered.

2019-09-16 09:44:08.892 [ main ] - [ INFO  ] [ org.quartz.impl.StdSchedulerFactory : 1362 ] - Quartz scheduler 'quartzScheduler' initialized from an externally provided properties instance.
2019-09-16 09:44:08.893 [ main ] - [ INFO  ] [ org.quartz.impl.StdSchedulerFactory : 1366 ] - Quartz scheduler version: 2.3.1
2019-09-16 09:44:08.893 [ main ] - [ INFO  ] [ org.quartz.core.QuartzScheduler : 2293 ] - JobFactory set to: org.springframework.scheduling.quartz.SpringBeanJobFactory@46e64760
2019-09-16 09:44:08.984 [ main ] - [ INFO  ] [ org.quartz.core.QuartzScheduler : 547 ] - Scheduler quartzScheduler_$_NON_CLUSTERED started.
2019-09-16 09:44:09.004 [ main ] - [ INFO  ] [ c.zhenghao.dbmigration.DbmigrationApplicationTests : 59 ] - Started DbmigrationApplicationTests in 4.613 seconds (JVM running for 5.345)
2019-09-16 09:44:09.230 [ Thread-3 ] - [ INFO  ] [ org.quartz.core.QuartzScheduler : 585 ] - Scheduler quartzScheduler_$_NON_CLUSTERED paused.
2019-09-16 09:44:09.231 [ Thread-3 ] - [ INFO  ] [ org.quartz.core.QuartzScheduler : 666 ] - Scheduler quartzScheduler_$_NON_CLUSTERED shutting down.
2019-09-16 09:44:09.232 [ Thread-3 ] - [ INFO  ] [ org.quartz.core.QuartzScheduler : 585 ] - Scheduler quartzScheduler_$_NON_CLUSTERED paused.
2019-09-16 09:44:09.233 [ Thread-3 ] - [ INFO  ] [ org.quartz.core.QuartzScheduler : 740 ] - Scheduler quartzScheduler_$_NON_CLUSTERED shutdown complete.
2019-09-16 09:44:09.235 [ Thread-3 ] - [ INFO  ] [ com.zaxxer.hikari.HikariDataSource : 350 ] - HikariPool-1 - Shutdown initiated...
2019-09-16 09:44:09.422 [ Thread-3 ] - [ INFO  ] [ com.zaxxer.hikari.HikariDataSource : 352 ] - HikariPool-1 - Shutdown completed.
2019-09-16 09:44:09.422 [ Thread-3 ] - [ INFO  ] [ com.zaxxer.hikari.HikariDataSource : 350 ] - HikariPool-2 - Shutdown initiated...
2019-09-16 09:44:09.465 [ Thread-3 ] - [ INFO  ] [ com.zaxxer.hikari.HikariDataSource : 352 ] - HikariPool-2 - Shutdown completed.
2019-09-16 14:48:20.827 [ restartedMain ] - [ INFO  ] [ com.zhenghao.dbmigration.DbmigrationApplication : 50 ] - Starting DbmigrationApplication on 7VHGD2I4U7IWJY9 with PID 2588 (started by Administrator in E:\椤圭\dbmigration)
2019-09-16 14:48:20.915 [ restartedMain ] - [ DEBUG ] [ com.zhenghao.dbmigration.DbmigrationApplication : 53 ] - Running with Spring Boot v2.1.8.RELEASE, Spring v5.1.9.RELEASE
2019-09-16 14:48:20.916 [ restartedMain ] - [ INFO  ] [ com.zhenghao.dbmigration.DbmigrationApplication : 648 ] - No active profile set, falling back to default profiles: default
2019-09-16 14:48:21.469 [ restartedMain ] - [ WARN  ] [ org.mybatis.spring.mapper.ClassPathMapperScanner : 44 ] - No MyBatis mapper was found in '[com.zhenghao.dbmigration.mapper.*.*]' package. Please check your configuration.
2019-09-16 14:48:22.195 [ restartedMain ] - [ INFO  ] [ org.apache.coyote.http11.Http11NioProtocol : 173 ] - Initializing ProtocolHandler ["http-nio-8020"]
2019-09-16 14:48:22.203 [ restartedMain ] - [ INFO  ] [ org.apache.catalina.core.StandardService : 173 ] - Starting service [Tomcat]
2019-09-16 14:48:22.203 [ restartedMain ] - [ INFO  ] [ org.apache.catalina.core.StandardEngine : 173 ] - Starting Servlet engine: [Apache Tomcat/9.0.24]
2019-09-16 14:48:22.296 [ restartedMain ] - [ INFO  ] [ o.a.c.c.C.[Tomcat].[localhost].[/dbmigration] : 173 ] - Initializing Spring embedded WebApplicationContext
2019-09-16 14:48:22.459 [ restartedMain ] - [ INFO  ] [ com.zaxxer.hikari.HikariDataSource : 110 ] - HikariPool-1 - Starting...
2019-09-16 14:48:23.037 [ restartedMain ] - [ INFO  ] [ com.zaxxer.hikari.HikariDataSource : 123 ] - HikariPool-1 - Start completed.
2019-09-16 14:48:23.163 [ restartedMain ] - [ WARN  ] [ c.b.mybatisplus.core.toolkit.TableInfoHelper : 255 ] - Warn: Could not find @TableId in Class: com.zhenghao.dbmigration.entity.sqlserver.SQLServerEmployee.
2019-09-16 14:48:23.216 [ restartedMain ] - [ INFO  ] [ com.zaxxer.hikari.HikariDataSource : 110 ] - HikariPool-2 - Starting...
2019-09-16 14:48:23.330 [ restartedMain ] - [ INFO  ] [ com.zaxxer.hikari.HikariDataSource : 123 ] - HikariPool-2 - Start completed.
2019-09-16 14:48:23.344 [ restartedMain ] - [ WARN  ] [ c.b.mybatisplus.core.toolkit.TableInfoHelper : 255 ] - Warn: Could not find @TableId in Class: com.zhenghao.dbmigration.entity.sqlite.SqliteEmployee.
2019-09-16 14:48:23.714 [ restartedMain ] - [ INFO  ] [ org.quartz.impl.StdSchedulerFactory : 1208 ] - Using default implementation for ThreadExecutor
2019-09-16 14:48:23.723 [ restartedMain ] - [ INFO  ] [ org.quartz.core.SchedulerSignalerImpl : 61 ] - Initialized Scheduler Signaller of type: class org.quartz.core.SchedulerSignalerImpl
2019-09-16 14:48:23.724 [ restartedMain ] - [ INFO  ] [ org.quartz.core.QuartzScheduler : 229 ] - Quartz Scheduler v.2.3.1 created.
2019-09-16 14:48:23.724 [ restartedMain ] - [ INFO  ] [ org.quartz.simpl.RAMJobStore : 155 ] - RAMJobStore initialized.
2019-09-16 14:48:23.725 [ restartedMain ] - [ INFO  ] [ org.quartz.core.QuartzScheduler : 294 ] - Scheduler meta-data: Quartz Scheduler (v2.3.1) 'quartzScheduler' with instanceId 'NON_CLUSTERED'
  Scheduler class: 'org.quartz.core.QuartzScheduler' - running locally.
  NOT STARTED.
  Currently in standby mode.
  Number of jobs executed: 0
  Using thread pool 'org.quartz.simpl.SimpleThreadPool' - with 10 threads.
  Using job-store 'org.quartz.simpl.RAMJobStore' - which does not support persistence. and is not clustered.

2019-09-16 14:48:23.725 [ restartedMain ] - [ INFO  ] [ org.quartz.impl.StdSchedulerFactory : 1362 ] - Quartz scheduler 'quartzScheduler' initialized from an externally provided properties instance.
2019-09-16 14:48:23.725 [ restartedMain ] - [ INFO  ] [ org.quartz.impl.StdSchedulerFactory : 1366 ] - Quartz scheduler version: 2.3.1
2019-09-16 14:48:23.726 [ restartedMain ] - [ INFO  ] [ org.quartz.core.QuartzScheduler : 2293 ] - JobFactory set to: org.springframework.scheduling.quartz.SpringBeanJobFactory@4f4bbbe6
2019-09-16 14:48:23.812 [ restartedMain ] - [ INFO  ] [ org.quartz.core.QuartzScheduler : 547 ] - Scheduler quartzScheduler_$_NON_CLUSTERED started.
2019-09-16 14:48:23.826 [ restartedMain ] - [ INFO  ] [ org.apache.coyote.http11.Http11NioProtocol : 173 ] - Starting ProtocolHandler ["http-nio-8020"]
2019-09-16 14:48:23.852 [ restartedMain ] - [ INFO  ] [ com.zhenghao.dbmigration.DbmigrationApplication : 59 ] - Started DbmigrationApplication in 3.525 seconds (JVM running for 4.4)
2019-09-16 14:49:58.270 [ restartedMain ] - [ INFO  ] [ com.zhenghao.dbmigration.DbmigrationApplication : 50 ] - Starting DbmigrationApplication on 7VHGD2I4U7IWJY9 with PID 16084 (started by Administrator in E:\椤圭\dbmigration)
2019-09-16 14:49:58.273 [ restartedMain ] - [ DEBUG ] [ com.zhenghao.dbmigration.DbmigrationApplication : 53 ] - Running with Spring Boot v2.1.8.RELEASE, Spring v5.1.9.RELEASE
2019-09-16 14:49:58.273 [ restartedMain ] - [ INFO  ] [ com.zhenghao.dbmigration.DbmigrationApplication : 648 ] - No active profile set, falling back to default profiles: default
2019-09-16 14:49:58.789 [ restartedMain ] - [ WARN  ] [ org.mybatis.spring.mapper.ClassPathMapperScanner : 44 ] - No MyBatis mapper was found in '[com.zhenghao.dbmigration.mapper.*.*]' package. Please check your configuration.
2019-09-16 14:49:59.622 [ restartedMain ] - [ INFO  ] [ org.apache.coyote.http11.Http11NioProtocol : 173 ] - Initializing ProtocolHandler ["http-nio-8020"]
2019-09-16 14:49:59.633 [ restartedMain ] - [ INFO  ] [ org.apache.catalina.core.StandardService : 173 ] - Starting service [Tomcat]
2019-09-16 14:49:59.634 [ restartedMain ] - [ INFO  ] [ org.apache.catalina.core.StandardEngine : 173 ] - Starting Servlet engine: [Apache Tomcat/9.0.24]
2019-09-16 14:49:59.741 [ restartedMain ] - [ INFO  ] [ o.a.c.c.C.[Tomcat].[localhost].[/dbmigration] : 173 ] - Initializing Spring embedded WebApplicationContext
2019-09-16 14:49:59.891 [ restartedMain ] - [ INFO  ] [ com.zaxxer.hikari.HikariDataSource : 110 ] - HikariPool-1 - Starting...
2019-09-16 14:50:00.509 [ restartedMain ] - [ INFO  ] [ com.zaxxer.hikari.HikariDataSource : 123 ] - HikariPool-1 - Start completed.
2019-09-16 14:50:00.663 [ restartedMain ] - [ WARN  ] [ c.b.mybatisplus.core.toolkit.TableInfoHelper : 255 ] - Warn: Could not find @TableId in Class: com.zhenghao.dbmigration.entity.sqlserver.SQLServerEmployee.
2019-09-16 14:50:00.735 [ restartedMain ] - [ INFO  ] [ com.zaxxer.hikari.HikariDataSource : 110 ] - HikariPool-2 - Starting...
2019-09-16 14:50:00.852 [ restartedMain ] - [ INFO  ] [ com.zaxxer.hikari.HikariDataSource : 123 ] - HikariPool-2 - Start completed.
2019-09-16 14:50:00.877 [ restartedMain ] - [ WARN  ] [ c.b.mybatisplus.core.toolkit.TableInfoHelper : 255 ] - Warn: Could not find @TableId in Class: com.zhenghao.dbmigration.entity.sqlite.SqliteEmployee.
2019-09-16 14:50:01.458 [ restartedMain ] - [ INFO  ] [ org.quartz.impl.StdSchedulerFactory : 1208 ] - Using default implementation for ThreadExecutor
2019-09-16 14:50:01.472 [ restartedMain ] - [ INFO  ] [ org.quartz.core.SchedulerSignalerImpl : 61 ] - Initialized Scheduler Signaller of type: class org.quartz.core.SchedulerSignalerImpl
2019-09-16 14:50:01.472 [ restartedMain ] - [ INFO  ] [ org.quartz.core.QuartzScheduler : 229 ] - Quartz Scheduler v.2.3.1 created.
2019-09-16 14:50:01.474 [ restartedMain ] - [ INFO  ] [ org.quartz.simpl.RAMJobStore : 155 ] - RAMJobStore initialized.
2019-09-16 14:50:01.476 [ restartedMain ] - [ INFO  ] [ org.quartz.core.QuartzScheduler : 294 ] - Scheduler meta-data: Quartz Scheduler (v2.3.1) 'quartzScheduler' with instanceId 'NON_CLUSTERED'
  Scheduler class: 'org.quartz.core.QuartzScheduler' - running locally.
  NOT STARTED.
  Currently in standby mode.
  Number of jobs executed: 0
  Using thread pool 'org.quartz.simpl.SimpleThreadPool' - with 10 threads.
  Using job-store 'org.quartz.simpl.RAMJobStore' - which does not support persistence. and is not clustered.

2019-09-16 14:50:01.476 [ restartedMain ] - [ INFO  ] [ org.quartz.impl.StdSchedulerFactory : 1362 ] - Quartz scheduler 'quartzScheduler' initialized from an externally provided properties instance.
2019-09-16 14:50:01.476 [ restartedMain ] - [ INFO  ] [ org.quartz.impl.StdSchedulerFactory : 1366 ] - Quartz scheduler version: 2.3.1
2019-09-16 14:50:01.477 [ restartedMain ] - [ INFO  ] [ org.quartz.core.QuartzScheduler : 2293 ] - JobFactory set to: org.springframework.scheduling.quartz.SpringBeanJobFactory@550de8ff
2019-09-16 14:50:01.599 [ restartedMain ] - [ INFO  ] [ org.quartz.core.QuartzScheduler : 547 ] - Scheduler quartzScheduler_$_NON_CLUSTERED started.
2019-09-16 14:50:01.621 [ restartedMain ] - [ INFO  ] [ org.apache.coyote.http11.Http11NioProtocol : 173 ] - Starting ProtocolHandler ["http-nio-8020"]
2019-09-16 14:50:01.648 [ restartedMain ] - [ INFO  ] [ com.zhenghao.dbmigration.DbmigrationApplication : 59 ] - Started DbmigrationApplication in 3.877 seconds (JVM running for 4.945)
2019-09-16 14:50:53.287 [ main ] - [ INFO  ] [ c.zhenghao.dbmigration.DbmigrationApplicationTests : 50 ] - Starting DbmigrationApplicationTests on 7VHGD2I4U7IWJY9 with PID 3548 (started by Administrator in E:\项目\dbmigration)
2019-09-16 14:50:53.289 [ main ] - [ DEBUG ] [ c.zhenghao.dbmigration.DbmigrationApplicationTests : 53 ] - Running with Spring Boot v2.1.8.RELEASE, Spring v5.1.9.RELEASE
2019-09-16 14:50:53.290 [ main ] - [ INFO  ] [ c.zhenghao.dbmigration.DbmigrationApplicationTests : 648 ] - No active profile set, falling back to default profiles: default
2019-09-16 14:50:53.903 [ main ] - [ WARN  ] [ org.mybatis.spring.mapper.ClassPathMapperScanner : 44 ] - No MyBatis mapper was found in '[com.zhenghao.dbmigration.mapper.*.*]' package. Please check your configuration.
2019-09-16 14:50:54.736 [ main ] - [ INFO  ] [ com.zaxxer.hikari.HikariDataSource : 110 ] - HikariPool-1 - Starting...
2019-09-16 14:50:55.685 [ main ] - [ INFO  ] [ com.zaxxer.hikari.HikariDataSource : 123 ] - HikariPool-1 - Start completed.
2019-09-16 14:50:55.832 [ main ] - [ WARN  ] [ c.b.mybatisplus.core.toolkit.TableInfoHelper : 255 ] - Warn: Could not find @TableId in Class: com.zhenghao.dbmigration.entity.sqlserver.SQLServerEmployee.
2019-09-16 14:50:55.920 [ main ] - [ INFO  ] [ com.zaxxer.hikari.HikariDataSource : 110 ] - HikariPool-2 - Starting...
2019-09-16 14:50:56.026 [ main ] - [ INFO  ] [ com.zaxxer.hikari.HikariDataSource : 123 ] - HikariPool-2 - Start completed.
2019-09-16 14:50:56.047 [ main ] - [ WARN  ] [ c.b.mybatisplus.core.toolkit.TableInfoHelper : 255 ] - Warn: Could not find @TableId in Class: com.zhenghao.dbmigration.entity.sqlite.SqliteEmployee.
2019-09-16 14:50:57.216 [ main ] - [ INFO  ] [ org.quartz.impl.StdSchedulerFactory : 1208 ] - Using default implementation for ThreadExecutor
2019-09-16 14:50:57.232 [ main ] - [ INFO  ] [ org.quartz.core.SchedulerSignalerImpl : 61 ] - Initialized Scheduler Signaller of type: class org.quartz.core.SchedulerSignalerImpl
2019-09-16 14:50:57.232 [ main ] - [ INFO  ] [ org.quartz.core.QuartzScheduler : 229 ] - Quartz Scheduler v.2.3.1 created.
2019-09-16 14:50:57.233 [ main ] - [ INFO  ] [ org.quartz.simpl.RAMJobStore : 155 ] - RAMJobStore initialized.
2019-09-16 14:50:57.234 [ main ] - [ INFO  ] [ org.quartz.core.QuartzScheduler : 294 ] - Scheduler meta-data: Quartz Scheduler (v2.3.1) 'quartzScheduler' with instanceId 'NON_CLUSTERED'
  Scheduler class: 'org.quartz.core.QuartzScheduler' - running locally.
  NOT STARTED.
  Currently in standby mode.
  Number of jobs executed: 0
  Using thread pool 'org.quartz.simpl.SimpleThreadPool' - with 10 threads.
  Using job-store 'org.quartz.simpl.RAMJobStore' - which does not support persistence. and is not clustered.

2019-09-16 14:50:57.235 [ main ] - [ INFO  ] [ org.quartz.impl.StdSchedulerFactory : 1362 ] - Quartz scheduler 'quartzScheduler' initialized from an externally provided properties instance.
2019-09-16 14:50:57.235 [ main ] - [ INFO  ] [ org.quartz.impl.StdSchedulerFactory : 1366 ] - Quartz scheduler version: 2.3.1
2019-09-16 14:50:57.235 [ main ] - [ INFO  ] [ org.quartz.core.QuartzScheduler : 2293 ] - JobFactory set to: org.springframework.scheduling.quartz.SpringBeanJobFactory@4f3faa70
2019-09-16 14:50:57.332 [ main ] - [ INFO  ] [ org.quartz.core.QuartzScheduler : 547 ] - Scheduler quartzScheduler_$_NON_CLUSTERED started.
2019-09-16 14:50:57.354 [ main ] - [ INFO  ] [ c.zhenghao.dbmigration.DbmigrationApplicationTests : 59 ] - Started DbmigrationApplicationTests in 4.459 seconds (JVM running for 5.297)
2019-09-16 14:50:57.865 [ Thread-3 ] - [ INFO  ] [ org.quartz.core.QuartzScheduler : 585 ] - Scheduler quartzScheduler_$_NON_CLUSTERED paused.
2019-09-16 14:50:57.867 [ Thread-3 ] - [ INFO  ] [ org.quartz.core.QuartzScheduler : 666 ] - Scheduler quartzScheduler_$_NON_CLUSTERED shutting down.
2019-09-16 14:50:57.867 [ Thread-3 ] - [ INFO  ] [ org.quartz.core.QuartzScheduler : 585 ] - Scheduler quartzScheduler_$_NON_CLUSTERED paused.
2019-09-16 14:50:57.868 [ Thread-3 ] - [ INFO  ] [ org.quartz.core.QuartzScheduler : 740 ] - Scheduler quartzScheduler_$_NON_CLUSTERED shutdown complete.
2019-09-16 14:50:57.871 [ Thread-3 ] - [ INFO  ] [ com.zaxxer.hikari.HikariDataSource : 350 ] - HikariPool-1 - Shutdown initiated...
2019-09-16 14:50:58.078 [ Thread-3 ] - [ INFO  ] [ com.zaxxer.hikari.HikariDataSource : 352 ] - HikariPool-1 - Shutdown completed.
2019-09-16 14:50:58.079 [ Thread-3 ] - [ INFO  ] [ com.zaxxer.hikari.HikariDataSource : 350 ] - HikariPool-2 - Shutdown initiated...
2019-09-16 14:50:58.242 [ Thread-3 ] - [ INFO  ] [ com.zaxxer.hikari.HikariDataSource : 352 ] - HikariPool-2 - Shutdown completed.
